============================================================
  Generated by:           Genus(TM) Synthesis Solution 17.21-s010_1
  Generated on:           May 14 2026  02:37:51 pm
  Module:                 ascent_top
  Operating conditions:   typical (balanced_tree)
  Wireload mode:          enclosed
  Area mode:              timing library
============================================================

Timing
--------

Clock Period 
-------------
clk   2000.0 


  Cost    Critical         Violating 
 Group   Path Slack  TNS     Paths   
-------------------------------------
clk             0.0   0.0          0 
default    No paths   0.0            
-------------------------------------
Total                 0.0          0 

Instance Count
--------------
Leaf Instance Count             73229 
Physical Instance count             0 
Sequential Instance Count        3514 
Combinational Instance Count    69715 
Hierarchical Instance Count         2 

Area
----
Cell Area                          0.000
Physical Cell Area                 0.000
Total Cell Area (Cell+Physical)    0.000
Net Area                           0.000
Total Area (Cell+Physical+Net)     0.000

Max Fanout                         3514 (clk)
Min Fanout                         0 (u_tx_shift_reg[3])
Average Fanout                     2.2
Terms to net ratio                 3.2366
Terms to instance ratio            3.3594
Runtime                            411.7759530000001 seconds
Elapsed Runtime                    427 seconds
Genus peak memory usage            1811.67 
Innovus peak memory usage          no_value 
Hostname                           localhost
