============================================================
  Generated by:           Genus(TM) Synthesis Solution 17.21-s010_1
  Generated on:           May 14 2026  04:41:26 pm
  Module:                 ascent_top
  Operating conditions:   typical (balanced_tree)
  Wireload mode:          enclosed
  Area mode:              timing library
============================================================


Path 1: VIOLATED (-234 ps) Setup Check with Pin u_ctrl_pred_class_reg[2]/CK->D
          Group: clk
     Startpoint: (R) u_l3_gen_rows[0].u_row_acc_reg[12]/CK
          Clock: (R) clk
       Endpoint: (R) u_ctrl_pred_class_reg[2]/D
          Clock: (R) clk

                     Capture       Launch     
        Clock Edge:+    2000            0     
       Src Latency:+       0            0     
       Net Latency:+       0 (I)        0 (I) 
           Arrival:=    2000            0     
                                              
             Setup:-      48                  
       Uncertainty:-     100                  
     Required Time:=    1852                  
      Launch Clock:-       0                  
         Data Path:-    2086                  
             Slack:=    -234                  

#--------------------------------------------------------------------------------------------------------------
#             Timing Point              Flags   Arc   Edge   Cell     Fanout Load Trans Delay Arrival Instance 
#                                                                            (fF)  (ps)  (ps)   (ps)  Location 
#--------------------------------------------------------------------------------------------------------------
  u_l3_gen_rows[0].u_row_acc_reg[12]/CK -       -     R     (arrival)   6446    -     0     -       0    (-,-) 
  u_l3_gen_rows[0].u_row_acc_reg[12]/Q  -       CK->Q F     DFFRHQX4       5  7.7    26   125     125    (-,-) 
  g106/Y                                -       A->Y  R     NOR2X4         1  2.5    26    23     148    (-,-) 
  g52236/Y                              -       A->Y  R     CLKAND2X6      5 11.2    26    44     192    (-,-) 
  g15/Y                                 -       B->Y  F     NAND2X4        1  3.3    28    23     215    (-,-) 
  g55356/Y                              -       B->Y  R     NAND2X4        3  8.3    29    22     238    (-,-) 
  g55358/Y                              -       A->Y  F     NAND2X4        1  3.3    29    26     263    (-,-) 
  g52531/Y                              -       A->Y  R     NOR2X4         1  3.2    29    26     289    (-,-) 
  g140/Y                                -       A1->Y F     OAI21X4        1  3.3    34    29     318    (-,-) 
  g53156/Y                              -       B->Y  R     NAND2X4        1  4.8    22    20     339    (-,-) 
  g31/Y                                 -       B->Y  F     NAND2X6        2  4.9    29    22     361    (-,-) 
  g55352/Y                              -       B->Y  R     NAND2X4        1  4.8    21    19     380    (-,-) 
  g304/Y                                -       B->Y  F     NAND2X6        5  7.7    36    26     406    (-,-) 
  g43656/Y                              -       A->Y  R     CLKINVX4       5  8.6    27    24     429    (-,-) 
  g51599/Y                              -       B->Y  F     NOR2X2         1  1.6    16    17     446    (-,-) 
  g55584/Y                              -       B0->Y R     AOI21X2        2  3.2    44    27     474    (-,-) 
  g248/Y                                -       A->Y  F     INVX2          3  3.8    23    25     499    (-,-) 
  g241/Y                                -       A1->Y R     AOI21X2        1  1.8    32    28     527    (-,-) 
  g55581/Y                              -       A->Y  F     NOR2X2         2  3.9    27    25     553    (-,-) 
  g55361/Y                              -       A->Y  R     NOR2X4         1  5.0    36    28     581    (-,-) 
  g52365/Y                              -       A->Y  F     NAND2X6        3  8.4    38    33     614    (-,-) 
  g51750/Y                              -       A->Y  R     CLKINVX4       4  6.7    23    22     636    (-,-) 
  g43507/Y                              -       A->Y  F     CLKINVX2       1  3.0    18    17     654    (-,-) 
  g43506/Y                              -       A->Y  R     CLKINVX4       3  7.0    21    16     670    (-,-) 
  g55205/Y                              -       A1->Y F     OAI21X4        2  5.0    40    30     700    (-,-) 
  g55202/Y                              -       B->Y  R     NOR2X2         1  3.2    41    32     732    (-,-) 
  g55191/Y                              -       A1->Y F     OAI21X4        1  6.4    46    39     771    (-,-) 
  g53041/Y                              -       A->Y  R     NAND2X8        4  8.1    24    25     796    (-,-) 
  g53026/Y                              -       B->Y  F     NAND2X2        1  3.0    38    28     824    (-,-) 
  g23/Y                                 -       A->Y  R     CLKINVX4       4  9.7    29    25     849    (-,-) 
  g126/Y                                -       B->Y  F     NOR2X4         2  3.2    18    18     867    (-,-) 
  g52176/Y                              -       B0->Y R     AOI21X2        2  1.8    32    22     889    (-,-) 
  g52175/Y                              -       B->Y  R     CLKAND2X3      1  3.3    19    41     930    (-,-) 
  g149/Y                                -       A->Y  F     NOR2X4         2  4.9    21    18     948    (-,-) 
  g52575/Y                              -       B->Y  R     NAND2X2        1  3.3    26    19     967    (-,-) 
  g55219/Y                              -       B->Y  F     NAND2X4        2  6.7    41    29     996    (-,-) 
  g64/Y                                 -       A->Y  R     NOR2X6         6  7.5    35    32    1028    (-,-) 
  fopt55389/Y                           -       A->Y  F     CLKINVX2       6  7.6    38    31    1059    (-,-) 
  g55880/Y                              -       B->Y  R     NOR2X1         2  2.3    52    37    1096    (-,-) 
  g55861/Y                              -       B->Y  F     NOR2X2         2  3.2    25    28    1124    (-,-) 
  g55862/Y                              -       A1->Y R     AOI21X2        1  3.4    45    35    1159    (-,-) 
  g84/Y                                 -       A0->Y F     AOI21X4        1  4.9    41    39    1198    (-,-) 
  g107/Y                                -       A->Y  R     NOR2X6         5  7.7    37    32    1230    (-,-) 
  g55382/Y                              -       A->Y  F     NOR2X4         3  5.0    22    24    1254    (-,-) 
  g50474/Y                              -       B->Y  R     NOR2X2         1  1.6    28    21    1275    (-,-) 
  g55887/Y                              -       B0->Y F     AOI21X2        2  2.5    41    19    1294    (-,-) 
  g85/Y                                 -       B->Y  R     NAND2X2        1  3.3    29    25    1318    (-,-) 
  g55717/Y                              -       B->Y  F     NAND2X4        1  4.8    34    27    1345    (-,-) 
  g55716/Y                              -       B->Y  R     NOR2X6         2  6.7    34    26    1371    (-,-) 
  g55302/Y                              -       B->Y  F     NAND2X4        1  4.8    34    28    1399    (-,-) 
  g78/Y                                 -       B->Y  R     NOR2X6         2  7.4    36    27    1426    (-,-) 
  g77/Y                                 -       B->Y  F     NOR2X8         8 11.5    24    22    1448    (-,-) 
  g49210/Y                              -       B->Y  R     NAND2BX1       2  2.5    32    23    1471    (-,-) 
  g54044/Y                              -       B->Y  F     NAND2BX1       1  1.7    42    32    1503    (-,-) 
  g110/Y                                -       B->Y  R     NOR2X2         1  1.7    29    27    1529    (-,-) 
  g55703/Y                              -       A0->Y F     OAI21X2        1  1.6    32    33    1563    (-,-) 
  g55747/Y                              -       B->Y  R     NAND2X2        1  3.2    25    22    1584    (-,-) 
  g215/Y                                -       A1->Y F     AOI21X4        1  4.8    40    32    1616    (-,-) 
  g55615/Y                              -       B->Y  R     NOR2X6         8 10.7    45    33    1649    (-,-) 
  fopt53202/Y                           -       A->Y  F     CLKINVX3       3  6.2    26    27    1676    (-,-) 
  fopt53207/Y                           -       A->Y  R     CLKINVX2       2  4.2    24    20    1696    (-,-) 
  g55760/Y                              -       B->Y  F     NAND2X4        2  4.9    35    25    1721    (-,-) 
  g52110/Y                              -       B->Y  R     NAND2X2        1  1.6    18    19    1740    (-,-) 
  g43119/Y                              -       A->Y  F     CLKINVX2       1  3.3    19    16    1757    (-,-) 
  g52313/Y                              -       A->Y  R     NOR2X4         1  3.2    28    23    1779    (-,-) 
  g476/Y                                -       A1->Y F     AOI21X4        1  4.9    40    33    1812    (-,-) 
  g52479/Y                              -       A->Y  R     NOR2X6         1  6.5    34    30    1842    (-,-) 
  g165/Y                                -       B->Y  F     NOR2X8         4  9.9    26    21    1863    (-,-) 
  fopt177/Y                             -       A->Y  R     CLKINVX4       4  5.1    18    17    1880    (-,-) 
  g43084/Y                              -       B->Y  F     NOR2X2         1  3.0    23    17    1897    (-,-) 
  g53098/Y                              -       A->Y  R     CLKINVX4       2  4.8    17    15    1912    (-,-) 
  g53099/Y                              -       A1->Y F     AOI21X4        1  4.8    40    29    1942    (-,-) 
  g53292/Y                              -       B->Y  R     NOR2X6         1  5.0    30    25    1967    (-,-) 
  g55736/Y                              -       A->Y  F     NAND2X6        2  6.4    33    29    1996    (-,-) 
  g55744/Y                              -       B0->Y R     AOI21X4        3  3.4    33    26    2022    (-,-) 
  g53080/Y                              -       B->Y  F     NAND3X1        1  0.6    44    37    2059    (-,-) 
  g53284/Y                              -       B->Y  R     NAND3XL        1  0.6    24    27    2086    (-,-) 
  u_ctrl_pred_class_reg[2]/D            <<<     -     R     DFFRXL         1    -     -     0    2086    (-,-) 
#--------------------------------------------------------------------------------------------------------------

