============================================================
  Generated by:           Genus(TM) Synthesis Solution 17.21-s010_1
  Generated on:           May 14 2026  02:37:51 pm
  Module:                 ascent_top
  Operating conditions:   typical (balanced_tree)
  Wireload mode:          enclosed
  Area mode:              timing library
============================================================


Path 1: MET (0 ps) Setup Check with Pin u_l1/gen_rows[105].u_row_acc_reg[22]/CK->D
          Group: clk
     Startpoint: (R) u_ctrl_x_out_reg[1]/CK
          Clock: (R) clk
       Endpoint: (R) u_l1/gen_rows[105].u_row_acc_reg[22]/D
          Clock: (R) clk

                     Capture       Launch     
        Clock Edge:+    2000            0     
       Src Latency:+       0            0     
       Net Latency:+       0 (I)        0 (I) 
           Arrival:=    2000            0     
                                              
             Setup:-      58                  
       Uncertainty:-     100                  
     Required Time:=    1842                  
      Launch Clock:-       0                  
         Data Path:-    1842                  
             Slack:=       0                  

#-----------------------------------------------------------------------------------------------------------------------------------------------
#                            Timing Point                              Flags   Arc   Edge    Cell     Fanout  Load Trans Delay Arrival Instance 
#                                                                                                             (fF)  (ps)  (ps)   (ps)  Location 
#-----------------------------------------------------------------------------------------------------------------------------------------------
  u_ctrl_x_out_reg[1]/CK                                               -       -     R     (arrival)    3514     -     0     -       0    (-,-) 
  u_ctrl_x_out_reg[1]/Q                                                -       CK->Q R     DFFRX4          6  16.7    53   147     147    (-,-) 
  u_l1/g22693/Y                                                        -       A->Y  F     CLKINVX3        1   3.5    21    25     172    (-,-) 
  u_l1/g22683__5953/Y                                                  -       A->Y  F     CLKAND2X12      3   9.6    19    45     217    (-,-) 
  u_l1/g22681/Y                                                        -       A->Y  R     CLKINVX2        2   6.8    34    23     240    (-,-) 
  u_l1/g79258/Y                                                        -       B->Y  R     CLKAND2X12      1   1.6    13    39     280    (-,-) 
  u_l1/g79257/Y                                                        -       B->Y  F     XNOR2X4         1  15.1    58    95     374    (-,-) 
  u_l1/g22629/Y                                                        -       A->Y  R     CLKINVX20      29 121.8    63    48     422    (-,-) 
  u_l1/g26999/Y                                                        -       A->Y  F     CLKINVX16      25  96.8    63    50     472    (-,-) 
  u_l1/g91850/Y                                                        -       A->Y  F     OR2X8           2   2.3    20    69     542    (-,-) 
  u_l1/gen_rows[105].u_row_csa_tree_u_mult_add_84_35_I7_groupi_g3139/Y -       A->Y  F     BUFX6           3   4.6    16    34     575    (-,-) 
  u_l1/g92285/Y                                                        -       AN->Y F     NAND2BX4        4   3.3    30    50     626    (-,-) 
  u_l1/gen_rows[105].u_row_csa_tree_u_mult_add_84_35_I7_groupi_g2985/Y -       B->Y  R     NAND2X1         1   1.7    25    21     647    (-,-) 
  u_l1/gen_rows[105].u_row_csa_tree_u_mult_add_84_35_I7_groupi_g2973/Y -       B->Y  F     NAND2BX2        2   3.2    40    29     676    (-,-) 
  u_l1/gen_rows[105].u_row_csa_tree_u_mult_add_84_35_I7_groupi_g2919/Y -       A->Y  R     CLKINVX2        1   1.6    14    19     695    (-,-) 
  u_l1/gen_rows[105].u_row_csa_tree_u_mult_add_84_35_I7_groupi_g2892/Y -       B->Y  F     NAND2X2         1   1.8    29    20     715    (-,-) 
  u_l1/gen_rows[105].u_row_csa_tree_u_mult_add_84_35_I7_groupi_g2887/Y -       A->Y  R     NAND2X2         2   2.4    21    20     736    (-,-) 
  u_l1/gen_rows[105].u_row_csa_tree_u_mult_add_84_35_I7_groupi_g2850/Y -       A->Y  F     CLKINVX2        2   4.2    23    19     755    (-,-) 
  u_l1/gen_rows[105].u_row_csa_tree_u_mult_add_84_35_I7_groupi_g2785/Y -       B->Y  R     MXI2X1          2   1.8    53    38     793    (-,-) 
  u_l1/gen_rows[105].u_row_csa_tree_u_mult_add_84_35_I7_groupi_g2754/Y -       A->Y  F     NOR2X1          1   0.6    17    26     819    (-,-) 
  u_l1/gen_rows[105].u_row_csa_tree_u_mult_add_84_35_I7_groupi_g2749/Y -       AN->Y F     NAND2BX2        2   5.0    54    61     880    (-,-) 
  u_l1/gen_rows[105].u_row_csa_tree_u_mult_add_84_35_I7_groupi_g2725/Y -       B->Y  R     NOR2BX2         2   5.0    57    43     923    (-,-) 
  u_l1/gen_rows[105].u_row_csa_tree_u_mult_add_84_35_I7_groupi_g2695/Y -       A1->Y F     OAI21X2         2   4.6    55    49     972    (-,-) 
  u_l1/gen_rows[105].u_row_csa_tree_u_mult_add_84_35_I7_groupi_g2692/Y -       A1->Y R     AOI21X4         2   4.9    39    39    1011    (-,-) 
  u_l1/g92655/Y                                                        -       B1->Y F     OAI2BB2X4       2   4.8    51    37    1048    (-,-) 
  u_l1/gen_rows[105].u_row_csa_tree_u_mult_add_84_35_I7_groupi_g2684/Y -       A1->Y R     AOI21X4         2   4.7    38    38    1086    (-,-) 
  u_l1/gen_rows[105].u_row_csa_tree_u_mult_add_84_35_I7_groupi_g2678/Y -       A1->Y F     OAI21X4         2   4.8    40    35    1120    (-,-) 
  u_l1/gen_rows[105].u_row_csa_tree_u_mult_add_84_35_I7_groupi_g2674/Y -       A1->Y R     AOI21X4         2   4.7    38    35    1155    (-,-) 
  u_l1/g82869/Y                                                        -       B->Y  F     XOR2X4          2   2.4    33    92    1247    (-,-) 
  u_l1/g58349/Y                                                        -       A->Y  R     NOR2X2          1   1.7    29    27    1274    (-,-) 
  u_l1/g58081/Y                                                        -       B->Y  F     NOR2X2          2   4.6    38    24    1298    (-,-) 
  u_l1/g57660/Y                                                        -       B0->Y R     AOI21X4         1   1.6    26    24    1322    (-,-) 
  u_l1/g79567/Y                                                        -       B->Y  F     XNOR2X4        14  19.4    67   104    1426    (-,-) 
  u_l1/gen_rows[105].u_row_add_114_38_g853/Y                           -       B->Y  R     NOR2X1          2   4.2    82    60    1486    (-,-) 
  u_l1/gen_rows[105].u_row_add_114_38_g799/Y                           -       B->Y  F     NOR2X1          1   0.8    22    34    1520    (-,-) 
  u_l1/gen_rows[105].u_row_add_114_38_g784/Y                           -       A->Y  F     CLKAND2X2       5  12.8    63    70    1590    (-,-) 
  u_l1/gen_rows[105].u_row_add_114_38_g754/Y                           -       B->Y  F     CLKAND2X3       1   3.4    19    53    1643    (-,-) 
  u_l1/gen_rows[105].u_row_add_114_38_g686/Y                           -       A0->Y R     AOI21X4         2   2.5    30    27    1670    (-,-) 
  u_l1/gen_rows[105].u_row_add_114_38_g680/Y                           -       B->Y  F     NAND2X2         1   3.3    41    31    1701    (-,-) 
  u_l1/gen_rows[105].u_row_add_114_38_g672/Y                           -       B->Y  R     NAND2BX4        2   6.7    30    25    1726    (-,-) 
  u_l1/g72476/Y                                                        -       A1->Y F     OAI21X4        23  20.7   112    64    1790    (-,-) 
  u_l1/g68395/Y                                                        -       A1->Y R     OAI21X1         1   0.7    43    52    1842    (-,-) 
  u_l1/gen_rows[105].u_row_acc_reg[22]/D                               <<<     -     R     DFFRX4          1     -     -     0    1842    (-,-) 
#-----------------------------------------------------------------------------------------------------------------------------------------------

