============================================================
  Generated by:           Genus(TM) Synthesis Solution 17.21-s010_1
  Generated on:           May 14 2026  04:25:12 pm
  Module:                 ascent_top_exact
  Operating conditions:   typical (balanced_tree)
  Wireload mode:          enclosed
  Area mode:              timing library
============================================================


Path 1: VIOLATED (-264 ps) Setup Check with Pin u_ctrl/pred_class_reg[3]/CK->SI
          Group: clk
     Startpoint: (R) u_l3_gen_rows[1].u_row_acc_reg[17]/CK
          Clock: (R) clk
       Endpoint: (R) u_ctrl/pred_class_reg[3]/SI
          Clock: (R) clk

                     Capture       Launch     
        Clock Edge:+    2000            0     
       Src Latency:+       0            0     
       Net Latency:+       0 (I)        0 (I) 
           Arrival:=    2000            0     
                                              
             Setup:-      81                  
       Uncertainty:-     100                  
     Required Time:=    1819                  
      Launch Clock:-       0                  
         Data Path:-    2083                  
             Slack:=    -264                  

#--------------------------------------------------------------------------------------------------------------
#             Timing Point              Flags   Arc   Edge   Cell     Fanout Load Trans Delay Arrival Instance 
#                                                                            (fF)  (ps)  (ps)   (ps)  Location 
#--------------------------------------------------------------------------------------------------------------
  u_l3_gen_rows[1].u_row_acc_reg[17]/CK -       -     R     (arrival)   6446    -     0     -       0    (-,-) 
  u_l3_gen_rows[1].u_row_acc_reg[17]/Q  -       CK->Q R     DFFRX4         3 10.2    40   140     140    (-,-) 
  g189337/Y                             -       A->Y  F     NAND2X8        3  6.7    31    29     169    (-,-) 
  g445/Y                                -       A->Y  R     NOR2X1         1  1.2    35    29     198    (-,-) 
  g444/Y                                -       B->Y  R     CLKAND2X3      1  3.2    19    42     240    (-,-) 
  g440/Y                                -       A1->Y F     OAI21X4        1  1.6    27    23     263    (-,-) 
  g187423/Y                             -       B->Y  R     NAND2X2        2  3.2    25    20     284    (-,-) 
  u_ctrl/g1255/Y                        -       A->Y  F     CLKINVX2       2  2.5    16    17     300    (-,-) 
  u_ctrl/g1244/Y                        -       B->Y  R     NAND2X2        1  3.4    28    17     318    (-,-) 
  u_ctrl/g63327/Y                       -       A0->Y F     AOI21X4        1  3.1    34    31     349    (-,-) 
  u_ctrl/g63390/Y                       -       B0->Y R     AOI21X4        1  3.2    32    26     374    (-,-) 
  u_ctrl/g63389/Y                       -       B->Y  F     NOR2X4         1  6.5    25    22     396    (-,-) 
  u_ctrl/g50/Y                          -       B->Y  R     NOR2X8         6  9.6    36    24     420    (-,-) 
  u_ctrl/g63091/Y                       -       A->Y  F     CLKINVX2       3  4.2    24    24     444    (-,-) 
  u_ctrl/g63093/Y                       -       B->Y  R     NAND2X2        1  3.0    24    19     463    (-,-) 
  u_ctrl/g63092/Y                       -       A->Y  F     CLKINVX4       1  6.5    20    18     481    (-,-) 
  u_ctrl/g63344/Y                       -       B->Y  R     NOR2X8         4  7.6    31    21     502    (-,-) 
  u_ctrl/g63346/Y                       -       A1->Y F     OAI21X2        1  1.8    34    31     533    (-,-) 
  u_ctrl/g792/Y                         -       A->Y  R     NAND2X2        1  3.1    24    23     556    (-,-) 
  u_ctrl/g63357/Y                       -       B0->Y F     OAI21X4        1  3.1    33    27     583    (-,-) 
  u_ctrl/g63354/Y                       -       B0->Y R     AOI21X4        3  5.5    41    30     613    (-,-) 
  u_ctrl/g62820/Y                       -       A->Y  F     CLKINVX3       5  6.7    27    26     639    (-,-) 
  u_ctrl/g108/Y                         -       B->Y  R     NAND2X2        1  1.6    17    17     656    (-,-) 
  u_ctrl/g63424/Y                       -       B0->Y F     OAI21X2        2  2.5    39    28     684    (-,-) 
  u_ctrl/g63423/Y                       -       B->Y  R     NAND2X2        1  3.3    24    24     708    (-,-) 
  u_ctrl/g465/Y                         -       B->Y  F     NAND2X4        1  4.8    34    25     734    (-,-) 
  u_ctrl/g11/Y                          -       B->Y  R     NOR2X6         3  8.2    38    28     761    (-,-) 
  u_ctrl/g17/Y                          -       B->Y  F     NAND2X4        1  4.8    34    29     790    (-,-) 
  u_ctrl/g63283/Y                       -       B->Y  R     NOR2X6         3  9.8    42    30     821    (-,-) 
  u_ctrl/g63279/Y                       -       B->Y  F     NOR2X8         9 11.2    24    24     845    (-,-) 
  u_ctrl/g63407/Y                       -       B->Y  R     NOR2X1         1  1.6    41    28     872    (-,-) 
  u_ctrl/g63405/Y                       -       B0->Y F     AOI21X2        2  2.5    40    23     895    (-,-) 
  u_ctrl/g74/Y                          -       A->Y  R     CLKINVX2       1  3.2    21    22     917    (-,-) 
  u_ctrl/g62455/Y                       -       A1->Y F     AOI21X4        1  3.4    34    28     945    (-,-) 
  u_ctrl/g15/Y                          -       A->Y  R     NAND2X4        1  3.3    19    20     965    (-,-) 
  u_ctrl/g63301/Y                       -       B->Y  F     NAND2X4        1  4.8    34    24     989    (-,-) 
  u_ctrl/g152/Y                         -       B->Y  R     NOR2X6         1  6.5    34    26    1015    (-,-) 
  u_ctrl/g63298/Y                       -       B->Y  F     NOR2X8         8 13.7    30    23    1038    (-,-) 
  u_ctrl/fopt51/Y                       -       A->Y  R     CLKINVX4       4  9.9    29    23    1061    (-,-) 
  u_ctrl/g57769__61313/Y                -       A1->Y F     AOI21X2        2  2.5    40    33    1094    (-,-) 
  u_ctrl/g12/Y                          -       B->Y  R     NAND2X2        1  3.3    27    25    1119    (-,-) 
  u_ctrl/g63289/Y                       -       B->Y  F     NAND2X4        1  4.8    34    26    1145    (-,-) 
  u_ctrl/g63288/Y                       -       B->Y  R     NOR2X6         2  8.2    38    28    1172    (-,-) 
  u_ctrl/g63287/Y                       -       B->Y  F     NAND2X6        3  5.2    31    27    1200    (-,-) 
  u_ctrl/g184_dup/Y                     -       A0->Y R     OAI21X2        1  2.3    41    35    1234    (-,-) 
  u_ctrl/fopt190/Y                      -       A->Y  F     CLKINVX3       2  4.6    21    23    1258    (-,-) 
  u_ctrl/fopt62918/Y                    -       A->Y  R     CLKINVX4       1  5.8    19    16    1274    (-,-) 
  u_ctrl/fopt45/Y                       -       A->Y  F     CLKINVX8       6 13.0    21    17    1290    (-,-) 
  u_ctrl/g62042/Y                       -       A1->Y R     OAI21X4        3  5.8    46    31    1321    (-,-) 
  u_ctrl/g62044/Y                       -       A->Y  F     CLKINVX2       1  3.2    21    25    1346    (-,-) 
  u_ctrl/g516/Y                         -       A1->Y R     OAI21X4        1  3.3    37    26    1373    (-,-) 
  u_ctrl/g63453/Y                       -       B->Y  F     NAND2X4        1  4.8    34    29    1401    (-,-) 
  u_ctrl/g63448/Y                       -       B->Y  R     NOR2X6         2  8.0    38    28    1429    (-,-) 
  u_ctrl/g511/Y                         -       A->Y  F     CLKINVX4       2  6.6    22    22    1452    (-,-) 
  u_ctrl/g433/Y                         -       A->Y  R     NOR2X6         2  4.6    28    23    1474    (-,-) 
  u_ctrl/g57659/Y                       -       A->Y  F     CLKINVX4       4  6.8    22    20    1494    (-,-) 
  u_ctrl/g62848/Y                       -       B->Y  R     NOR2X1         1  1.7    42    28    1522    (-,-) 
  u_ctrl/g65/Y                          -       B->Y  F     NOR2X2         1  3.2    24    25    1547    (-,-) 
  u_ctrl/g62413/Y                       -       B->Y  R     NOR2X4         1  4.8    35    24    1571    (-,-) 
  u_ctrl/g42/Y                          -       B->Y  F     NAND2X6        2  8.1    38    30    1601    (-,-) 
  u_ctrl/g41/Y                          -       B->Y  R     NOR2X6         1  5.0    30    25    1626    (-,-) 
  u_ctrl/g62137/Y                       -       A->Y  F     NAND2X6        2  9.7    43    33    1659    (-,-) 
  u_ctrl/g62363/Y                       -       B->Y  R     NAND2X8        8 11.3    26    24    1683    (-,-) 
  u_ctrl/g57585__2900/Y                 -       B->Y  F     NOR2X2         1  1.6    17    17    1700    (-,-) 
  u_ctrl/g57571__3772/Y                 -       B0->Y R     AOI21X2        2  3.2    44    27    1728    (-,-) 
  u_ctrl/g57567/Y                       -       A->Y  F     CLKINVX2       2  2.9    20    24    1751    (-,-) 
  u_ctrl/g62867/Y                       -       A->Y  R     CLKINVX3       1  3.2    16    14    1765    (-,-) 
  u_ctrl/g62865/Y                       -       B->Y  F     NOR2X4         1  3.1    17    13    1778    (-,-) 
  u_ctrl/g62863/Y                       -       B0->Y R     AOI21X4        1  3.2    32    21    1799    (-,-) 
  u_ctrl/g62862/Y                       -       A1->Y F     OAI21X4        1  5.0    41    33    1833    (-,-) 
  u_ctrl/g63020/Y                       -       A->Y  R     NAND2X6        2  6.6    23    24    1856    (-,-) 
  u_ctrl/g51/Y                          -       B->Y  F     NAND2X4        3  6.2    39    28    1884    (-,-) 
  u_ctrl/g62433/Y                       -       A->Y  R     CLKINVX4       6  5.9    22    22    1906    (-,-) 
  u_ctrl/g57523__61912/Y                -       B->Y  F     NAND2X2        2  3.5    42    29    1935    (-,-) 
  u_ctrl/g309/Y                         -       B->Y  R     NOR2X2         1  1.7    29    27    1962    (-,-) 
  u_ctrl/g62519/Y                       -       A0->Y F     OAI21X2        1  1.6    32    33    1995    (-,-) 
  u_ctrl/g62518/Y                       -       B->Y  R     NAND2X2        1  3.4    25    22    2017    (-,-) 
  u_ctrl/g62516/Y                       -       A0->Y F     AOI21X4        3  3.5    35    31    2048    (-,-) 
  u_ctrl/g62156/Y                       -       A0->Y R     OAI21X1        1  0.9    39    35    2083    (-,-) 
  u_ctrl/pred_class_reg[3]/SI           <<<     -     R     SDFFRHQX8      1    -     -     0    2083    (-,-) 
#--------------------------------------------------------------------------------------------------------------

