Cadence Genus(TM) Synthesis Solution.
Copyright 2017 Cadence Design Systems, Inc. All rights reserved worldwide.
Cadence and the Cadence logo are registered trademarks and Genus is a trademark
of Cadence Design Systems, Inc. in the United States and other countries.

Version: 17.21-s010_1, built Wed Feb 07 2018
Options: -files synth.tcl -no_gui 
Date:    Thu May 14 11:14:13 2026
Host:    cadence_rvce (x86_64 w/Linux 3.10.0-327.el7.x86_64) (6cores*12cpus*1physical cpu*Intel(R) Core(TM) i5-10500 CPU @ 3.10GHz 12288KB) (7833732KB)
OS:      Red Hat Enterprise Linux Server release 7.2 (Maipo)

Checking out license: Genus_Synthesis

Loading tool scripts...

Finished loading tool scripts (5 seconds elapsed).

#@ Processing -files option
@genus 1> source synth.tcl
#@ Begin verbose source synth.tcl
@file(synth.tcl) 1: set_db lib_search_path /home/EIvlsi3/Digital/lib; set_db library {gscl45nm.lib}; set_db init_hdl_search_path ../rtl/; read_hdl -sv multiplier/loa_mult.sv; read_hdl -sv cim_array/cim_row.sv; read_hdl -sv cim_array/cim_array.sv; read_hdl -sv controller/sparse_ctrl.sv; read_hdl -sv top/uart_tx.sv; read_hdl -sv top/uart_rx.sv; read_hdl -sv top/ascent_top.sv; elaborate ascent_top; read_sdc ascent.sdc; syn_generic; syn_map; syn_opt; read_vcd -vcd ../sim/waves/tb_ascent_top.vcd -module ascent_top; report_area > reports/area_report.rpt; report_power > reports/power_report.rpt; report_timing > reports/timing_report.rpt; report_qor > reports/qor_report.rpt; write_hdl > outputs/ascent_top_netlist.v; write_sdc > outputs/ascent_top_synth.sdc
  Setting attribute of root '/': 'lib_search_path' = /home/EIvlsi3/Digital/lib
Error   : File error. [FILE-100] [set_db]
        : Cannot open file 'gscl45nm.lib'
        : Make sure that the file is a readable regular file and has the specified name.
Error   : A library file does not exist. [LBR-68] [set_db]
        : File 'gscl45nm.lib' could not be found. File '<none>' was the last file that was successfully read in.
        : Make sure that the library file exists or check for a typo in the file name.
Error   : The data value for this attribute is invalid. [TUI-24] [set_db]
        : The value 'gscl45nm.lib' cannot be set for attribute 'library'.
        : To see the usage/description for this attribute, type '::legacy::set_attribute -h <attr_name> *' (in legacy UI mode) or 'help * <attr_name> -detail' (in CUI mode).
#@ End verbose source synth.tcl
1
Encountered problems processing file: synth.tcl
WARNING: This version of the tool is 3018 days old.
@genus:root: 2> cd ..
@genus:root: 3> 
@genus:root: 3> exit
Normal exit.